\BOOKMARK [1][-]{section.1}{\376\377\000H\000o\000m\000e\000\040\000A\000s\000s\000i\000g\000n\000m\000e\000n\000t\000\040\000I\000\040\000\050\000D\000u\000e\000:\000\040\000A\000u\000g\000\040\0001\0009\000,\000\040\0002\0000\0002\0005\000\051}{}% 1
\BOOKMARK [2][-]{problem.1.1}{\376\377\000P\000r\000o\000b\000l\000e\000m\000\040\0001\000.\0001}{section.1}% 2
\BOOKMARK [2][-]{problem.1.2}{\376\377\000P\000r\000o\000b\000l\000e\000m\000\040\0001\000.\0002}{section.1}% 3
\BOOKMARK [2][-]{problem.1.3}{\376\377\000P\000r\000o\000b\000l\000e\000m\000\040\0001\000.\0003}{section.1}% 4
\BOOKMARK [2][-]{problem.1.4}{\376\377\000P\000r\000o\000b\000l\000e\000m\000\040\0001\000.\0004}{section.1}% 5
\BOOKMARK [2][-]{problem.1.5}{\376\377\000P\000r\000o\000b\000l\000e\000m\000\040\0001\000.\0005}{section.1}% 6
\BOOKMARK [2][-]{problem.1.6}{\376\377\000P\000r\000o\000b\000l\000e\000m\000\040\0001\000.\0006}{section.1}% 7
\BOOKMARK [2][-]{problem.1.7}{\376\377\000P\000r\000o\000b\000l\000e\000m\000\040\0001\000.\0007}{section.1}% 8
\BOOKMARK [2][-]{problem.1.8}{\376\377\000P\000r\000o\000b\000l\000e\000m\000\040\0001\000.\0008}{section.1}% 9
\BOOKMARK [2][-]{problem.1.9}{\376\377\000P\000r\000o\000b\000l\000e\000m\000\040\0001\000.\0009}{section.1}% 10
\BOOKMARK [2][-]{problem.1.10}{\376\377\000P\000r\000o\000b\000l\000e\000m\000\040\0001\000.\0001\0000}{section.1}% 11
\BOOKMARK [2][-]{problem.1.11}{\376\377\000P\000r\000o\000b\000l\000e\000m\000\040\0001\000.\0001\0001}{section.1}% 12
\BOOKMARK [2][-]{problem.1.12}{\376\377\000P\000r\000o\000b\000l\000e\000m\000\040\0001\000.\0001\0002}{section.1}% 13
\BOOKMARK [1][-]{section.2}{\376\377\000H\000o\000m\000e\000\040\000A\000s\000s\000i\000g\000n\000m\000e\000n\000t\000\040\000I\000I\000\040\000\050\000D\000u\000e\000:\000\040\000S\000e\000p\000\040\0000\0004\000,\000\040\0002\0000\0002\0005\000\051}{}% 14
\BOOKMARK [2][-]{problem.2.1}{\376\377\000P\000r\000o\000b\000l\000e\000m\000\040\0002\000.\0001}{section.2}% 15
\BOOKMARK [2][-]{problem.2.2}{\376\377\000P\000r\000o\000b\000l\000e\000m\000\040\0002\000.\0002}{section.2}% 16
\BOOKMARK [2][-]{problem.2.3}{\376\377\000P\000r\000o\000b\000l\000e\000m\000\040\0002\000.\0003}{section.2}% 17
\BOOKMARK [2][-]{problem.2.4}{\376\377\000P\000r\000o\000b\000l\000e\000m\000\040\0002\000.\0004}{section.2}% 18
\BOOKMARK [2][-]{problem.2.5}{\376\377\000P\000r\000o\000b\000l\000e\000m\000\040\0002\000.\0005}{section.2}% 19
\BOOKMARK [2][-]{problem.2.6}{\376\377\000P\000r\000o\000b\000l\000e\000m\000\040\0002\000.\0006}{section.2}% 20
\BOOKMARK [2][-]{problem.2.7}{\376\377\000P\000r\000o\000b\000l\000e\000m\000\040\0002\000.\0007}{section.2}% 21
\BOOKMARK [2][-]{problem.2.8}{\376\377\000P\000r\000o\000b\000l\000e\000m\000\040\0002\000.\0008}{section.2}% 22
\BOOKMARK [2][-]{problem.2.9}{\376\377\000P\000r\000o\000b\000l\000e\000m\000\040\0002\000.\0009}{section.2}% 23
\BOOKMARK [2][-]{problem.2.10}{\376\377\000P\000r\000o\000b\000l\000e\000m\000\040\0002\000.\0001\0000}{section.2}% 24
\BOOKMARK [1][-]{section.3}{\376\377\000H\000o\000m\000e\000\040\000A\000s\000s\000i\000g\000n\000m\000e\000n\000t\000\040\000I\000I\000I\000\040\000\050\000D\000u\000e\000:\000\040\000O\000c\000t\000\040\0001\0000\000,\000\040\0002\0000\0002\0005\000\051}{}% 25
\BOOKMARK [2][-]{problem.3.1}{\376\377\000P\000r\000o\000b\000l\000e\000m\000\040\0003\000.\0001}{section.3}% 26
\BOOKMARK [2][-]{problem.3.2}{\376\377\000P\000r\000o\000b\000l\000e\000m\000\040\0003\000.\0002}{section.3}% 27
\BOOKMARK [2][-]{problem.3.3}{\376\377\000P\000r\000o\000b\000l\000e\000m\000\040\0003\000.\0003}{section.3}% 28
\BOOKMARK [2][-]{problem.3.4}{\376\377\000P\000r\000o\000b\000l\000e\000m\000\040\0003\000.\0004}{section.3}% 29
\BOOKMARK [2][-]{problem.3.5}{\376\377\000P\000r\000o\000b\000l\000e\000m\000\040\0003\000.\0005}{section.3}% 30
\BOOKMARK [2][-]{problem.3.6}{\376\377\000P\000r\000o\000b\000l\000e\000m\000\040\0003\000.\0006}{section.3}% 31
\BOOKMARK [2][-]{problem.3.7}{\376\377\000P\000r\000o\000b\000l\000e\000m\000\040\0003\000.\0007}{section.3}% 32
\BOOKMARK [2][-]{problem.3.8}{\376\377\000P\000r\000o\000b\000l\000e\000m\000\040\0003\000.\0008}{section.3}% 33
\BOOKMARK [2][-]{problem.3.9}{\376\377\000P\000r\000o\000b\000l\000e\000m\000\040\0003\000.\0009}{section.3}% 34
\BOOKMARK [2][-]{problem.3.10}{\376\377\000P\000r\000o\000b\000l\000e\000m\000\040\0003\000.\0001\0000}{section.3}% 35
\BOOKMARK [1][-]{section.4}{\376\377\000H\000o\000m\000e\000\040\000A\000s\000s\000i\000g\000n\000m\000e\000n\000t\000\040\000I\000V\000\040\000\050\000D\000u\000e\000:\000\040\000O\000c\000t\000\040\0002\0006\000,\000\040\0002\0000\0002\0005\000\051}{}% 36
\BOOKMARK [2][-]{problem.4.1}{\376\377\000P\000r\000o\000b\000l\000e\000m\000\040\0004\000.\0001}{section.4}% 37
\BOOKMARK [2][-]{problem.4.2}{\376\377\000P\000r\000o\000b\000l\000e\000m\000\040\0004\000.\0002}{section.4}% 38
\BOOKMARK [2][-]{problem.4.3}{\376\377\000P\000r\000o\000b\000l\000e\000m\000\040\0004\000.\0003}{section.4}% 39
\BOOKMARK [2][-]{problem.4.4}{\376\377\000P\000r\000o\000b\000l\000e\000m\000\040\0004\000.\0004}{section.4}% 40
\BOOKMARK [2][-]{problem.4.5}{\376\377\000P\000r\000o\000b\000l\000e\000m\000\040\0004\000.\0005}{section.4}% 41
\BOOKMARK [2][-]{problem.4.6}{\376\377\000P\000r\000o\000b\000l\000e\000m\000\040\0004\000.\0006}{section.4}% 42
\BOOKMARK [2][-]{problem.4.7}{\376\377\000P\000r\000o\000b\000l\000e\000m\000\040\0004\000.\0007}{section.4}% 43
\BOOKMARK [2][-]{problem.4.8}{\376\377\000P\000r\000o\000b\000l\000e\000m\000\040\0004\000.\0008}{section.4}% 44
\BOOKMARK [2][-]{problem.4.9}{\376\377\000P\000r\000o\000b\000l\000e\000m\000\040\0004\000.\0009}{section.4}% 45
\BOOKMARK [2][-]{problem.4.10}{\376\377\000P\000r\000o\000b\000l\000e\000m\000\040\0004\000.\0001\0000}{section.4}% 46
\BOOKMARK [2][-]{problem.4.11}{\376\377\000P\000r\000o\000b\000l\000e\000m\000\040\0004\000.\0001\0001}{section.4}% 47
\BOOKMARK [2][-]{problem.4.12}{\376\377\000P\000r\000o\000b\000l\000e\000m\000\040\0004\000.\0001\0002}{section.4}% 48
\BOOKMARK [2][-]{problem.4.13}{\376\377\000P\000r\000o\000b\000l\000e\000m\000\040\0004\000.\0001\0003}{section.4}% 49
\BOOKMARK [2][-]{problem.4.14}{\376\377\000P\000r\000o\000b\000l\000e\000m\000\040\0004\000.\0001\0004}{section.4}% 50
\BOOKMARK [2][-]{problem.4.15}{\376\377\000P\000r\000o\000b\000l\000e\000m\000\040\0004\000.\0001\0005}{section.4}% 51
\BOOKMARK [1][-]{section.5}{\376\377\000H\000o\000m\000e\000\040\000A\000s\000s\000i\000g\000n\000m\000e\000n\000t\000\040\000V\000\040\000\050\000D\000u\000e\000:\000\040\000D\000e\000c\000\040\0004\000,\000\040\0002\0000\0002\0005\000\051}{}% 52
\BOOKMARK [2][-]{problem.5.1}{\376\377\000P\000r\000o\000b\000l\000e\000m\000\040\0005\000.\0001}{section.5}% 53
\BOOKMARK [2][-]{problem.5.2}{\376\377\000P\000r\000o\000b\000l\000e\000m\000\040\0005\000.\0002}{section.5}% 54
\BOOKMARK [2][-]{problem.5.3}{\376\377\000P\000r\000o\000b\000l\000e\000m\000\040\0005\000.\0003}{section.5}% 55
\BOOKMARK [2][-]{problem.5.4}{\376\377\000P\000r\000o\000b\000l\000e\000m\000\040\0005\000.\0004}{section.5}% 56
\BOOKMARK [2][-]{problem.5.5}{\376\377\000P\000r\000o\000b\000l\000e\000m\000\040\0005\000.\0005}{section.5}% 57
\BOOKMARK [2][-]{problem.5.6}{\376\377\000P\000r\000o\000b\000l\000e\000m\000\040\0005\000.\0006}{section.5}% 58
\BOOKMARK [2][-]{problem.5.7}{\376\377\000P\000r\000o\000b\000l\000e\000m\000\040\0005\000.\0007}{section.5}% 59
\BOOKMARK [2][-]{problem.5.8}{\376\377\000P\000r\000o\000b\000l\000e\000m\000\040\0005\000.\0008}{section.5}% 60
\BOOKMARK [2][-]{problem.5.9}{\376\377\000P\000r\000o\000b\000l\000e\000m\000\040\0005\000.\0009}{section.5}% 61
\BOOKMARK [2][-]{problem.5.10}{\376\377\000P\000r\000o\000b\000l\000e\000m\000\040\0005\000.\0001\0000}{section.5}% 62
\BOOKMARK [2][-]{problem.5.11}{\376\377\000P\000r\000o\000b\000l\000e\000m\000\040\0005\000.\0001\0001}{section.5}% 63
\BOOKMARK [2][-]{problem.5.12}{\376\377\000P\000r\000o\000b\000l\000e\000m\000\040\0005\000.\0001\0002}{section.5}% 64
\BOOKMARK [2][-]{problem.5.13}{\376\377\000P\000r\000o\000b\000l\000e\000m\000\040\0005\000.\0001\0003}{section.5}% 65
\BOOKMARK [2][-]{problem.5.14}{\376\377\000P\000r\000o\000b\000l\000e\000m\000\040\0005\000.\0001\0004}{section.5}% 66
\BOOKMARK [2][-]{problem.5.15}{\376\377\000P\000r\000o\000b\000l\000e\000m\000\040\0005\000.\0001\0005}{section.5}% 67
